<?xml version="1.0" encoding="UTF-8"?>
<testsuite name="JUnit Jupiter" tests="1" skipped="0" failures="0" errors="0" time="8.447" hostname="W50019864L" timestamp="2021-09-30T20:55:24">
<properties>
[...]
</properties>
<testcase name="helloWorld()" classname="your.basepackage.ControllerIT" time="0.933">
<system-out><![CDATA[
unique-id: [engine:junit-jupiter]/[class:your.basepackage.ControllerIT]/[method:helloWorld()]
display-name: helloWorld()
]]></system-out>
</testcase>
<system-out><![CDATA[
unique-id: [engine:junit-jupiter]
display-name: JUnit Jupiter
]]></system-out>
</testsuite>
